ConversorMonedaXMLDianaYRafa/app/build/intermediates/manifest_merge_blame_file/debug/manifest-merger-blame-debug-report.txt
1<?xml version="1.0" encoding="utf-8"?>
2<manifest xmlns:android="http://schemas.android.com/apk/res/android"
3    package="com.example.conversormonedaxmldianayrafa"
4    android:versionCode="1"
5    android:versionName="1.0" >
6
7    <uses-sdk
8        android:minSdkVersion="15"
8-->src\main\AndroidManifest.xml
9        android:targetSdkVersion="29" />
9-->src\main\AndroidManifest.xml
10
11    <uses-permission android:name="android.permission.INTERNET" />
11-->src\main\AndroidManifest.xml:4:1-5:50
11-->src\main\AndroidManifest.xml:5:5-47
12
13    <application
13-->src\main\AndroidManifest.xml:6:1-20:15
14        android:allowBackup="true"
14-->src\main\AndroidManifest.xml:7:5-31
15        android:appComponentFactory="androidx.core.app.CoreComponentFactory"
15-->[androidx.core:core:1.0.1] AndroidManifest.xml:22:18-86
16        android:debuggable="true"
17        android:icon="@mipmap/ic_launcher"
17-->src\main\AndroidManifest.xml:8:5-39
18        android:label="@string/app_name"
18-->src\main\AndroidManifest.xml:9:5-37
19        android:roundIcon="@mipmap/ic_launcher_round"
19-->src\main\AndroidManifest.xml:10:5-50
20        android:supportsRtl="true"
20-->src\main\AndroidManifest.xml:11:5-31
21        android:theme="@style/AppTheme" >
21-->src\main\AndroidManifest.xml:12:5-36
22        <activity android:name="com.example.conversormonedaxmldianayrafa.MainActivity" >
22-->src\main\AndroidManifest.xml:13:5-19:16
22-->src\main\AndroidManifest.xml:13:15-43
23            <intent-filter>
23-->src\main\AndroidManifest.xml:14:9-18:25
24                <action android:name="android.intent.action.MAIN" />
24-->src\main\AndroidManifest.xml:15:13-65
24-->src\main\AndroidManifest.xml:15:21-62
25
26                <category android:name="android.intent.category.LAUNCHER" />
26-->src\main\AndroidManifest.xml:17:13-73
26-->src\main\AndroidManifest.xml:17:23-70
27            </intent-filter>
28        </activity>
29
30        <provider
30-->[com.squareup.picasso:picasso:2.71828] AndroidManifest.xml:8:9-11:40
31            android:name="com.squareup.picasso.PicassoProvider"
31-->[com.squareup.picasso:picasso:2.71828] AndroidManifest.xml:9:13-64
32            android:authorities="com.example.conversormonedaxmldianayrafa.com.squareup.picasso"
32-->[com.squareup.picasso:picasso:2.71828] AndroidManifest.xml:10:13-72
33            android:exported="false" />
33-->[com.squareup.picasso:picasso:2.71828] AndroidManifest.xml:11:13-37
34    </application>
35
36</manifest>